<?xml version="1.0" encoding="UTF-8"?>
<testsuite name="test_get_access_key_tests.TestAccessManager-20210418131908" tests="67" file="test_get_access_key_tests.py" time="0.184" timestamp="2021-04-18T13:19:09" failures="0" errors="0" skipped="0">
	<testcase classname="test_get_access_key_tests.TestAccessManager" name="test_access_key_campo_1_repetido_11" time="0.002" timestamp="2021-04-18T13:19:08"/>
	<testcase classname="test_get_access_key_tests.TestAccessManager" name="test_access_key_campo_2_repetido_15" time="0.003" timestamp="2021-04-18T13:19:08"/>
	<testcase classname="test_get_access_key_tests.TestAccessManager" name="test_access_key_campo_3_repetido_20" time="0.003" timestamp="2021-04-18T13:19:08"/>
	<testcase classname="test_get_access_key_tests.TestAccessManager" name="test_access_key_datos_duplicados_10" time="0.003" timestamp="2021-04-18T13:19:08"/>
	<testcase classname="test_get_access_key_tests.TestAccessManager" name="test_access_key_doble_AccessCode_29" time="0.003" timestamp="2021-04-18T13:19:08"/>
	<testcase classname="test_get_access_key_tests.TestAccessManager" name="test_access_key_doble_DNI_43" time="0.003" timestamp="2021-04-18T13:19:08"/>
	<testcase classname="test_get_access_key_tests.TestAccessManager" name="test_access_key_doble_NotificationMail_61" time="0.002" timestamp="2021-04-18T13:19:08"/>
	<testcase classname="test_get_access_key_tests.TestAccessManager" name="test_access_key_doble_bracket_de_final_8" time="0.002" timestamp="2021-04-18T13:19:08"/>
	<testcase classname="test_get_access_key_tests.TestAccessManager" name="test_access_key_doble_comillas_e1_28" time="0.002" timestamp="2021-04-18T13:19:08"/>
	<testcase classname="test_get_access_key_tests.TestAccessManager" name="test_access_key_doble_comillas_e2_42" time="0.003" timestamp="2021-04-18T13:19:08"/>
	<testcase classname="test_get_access_key_tests.TestAccessManager" name="test_access_key_doble_comillas_e3_60" time="0.002" timestamp="2021-04-18T13:19:08"/>
	<testcase classname="test_get_access_key_tests.TestAccessManager" name="test_access_key_doble_dato_DNI_47" time="0.003" timestamp="2021-04-18T13:19:08"/>
	<testcase classname="test_get_access_key_tests.TestAccessManager" name="test_access_key_doble_etiqueta_2_36" time="0.003" timestamp="2021-04-18T13:19:09"/>
	<testcase classname="test_get_access_key_tests.TestAccessManager" name="test_access_key_doble_etiqueta_3_54" time="0.002" timestamp="2021-04-18T13:19:09"/>
	<testcase classname="test_get_access_key_tests.TestAccessManager" name="test_access_key_doble_igualador_2_38" time="0.002" timestamp="2021-04-18T13:19:09"/>
	<testcase classname="test_get_access_key_tests.TestAccessManager" name="test_access_key_doble_igualador_3_56" time="0.003" timestamp="2021-04-18T13:19:09"/>
	<testcase classname="test_get_access_key_tests.TestAccessManager" name="test_access_key_doble_igualdad1_24" time="0.002" timestamp="2021-04-18T13:19:09"/>
	<testcase classname="test_get_access_key_tests.TestAccessManager" name="test_access_key_doble_letra_dni_50" time="0.003" timestamp="2021-04-18T13:19:09"/>
	<testcase classname="test_get_access_key_tests.TestAccessManager" name="test_access_key_doble_numeros_dni_51" time="0.003" timestamp="2021-04-18T13:19:09"/>
	<testcase classname="test_get_access_key_tests.TestAccessManager" name="test_access_key_doble_v1_33" time="0.003" timestamp="2021-04-18T13:19:09"/>
	<testcase classname="test_get_access_key_tests.TestAccessManager" name="test_access_key_doble_v3_67" time="0.003" timestamp="2021-04-18T13:19:09"/>
	<testcase classname="test_get_access_key_tests.TestAccessManager" name="test_access_key_doble_valor_dato1_25" time="0.003" timestamp="2021-04-18T13:19:09"/>
	<testcase classname="test_get_access_key_tests.TestAccessManager" name="test_access_key_doble_vd3_57" time="0.002" timestamp="2021-04-18T13:19:09"/>
	<testcase classname="test_get_access_key_tests.TestAccessManager" name="test_access_key_dobles_comillas_VD1_32" time="0.002" timestamp="2021-04-18T13:19:09"/>
	<testcase classname="test_get_access_key_tests.TestAccessManager" name="test_access_key_dobles_comillas_vd2_46" time="0.003" timestamp="2021-04-18T13:19:09"/>
	<testcase classname="test_get_access_key_tests.TestAccessManager" name="test_access_key_dobles_corchs_dato3_64" time="0.003" timestamp="2021-04-18T13:19:09"/>
	<testcase classname="test_get_access_key_tests.TestAccessManager" name="test_access_key_dos_brackets_de_comienzo_5" time="0.002" timestamp="2021-04-18T13:19:09"/>
	<testcase classname="test_get_access_key_tests.TestAccessManager" name="test_access_key_e1_repetida_21" time="0.002" timestamp="2021-04-18T13:19:09"/>
	<testcase classname="test_get_access_key_tests.TestAccessManager" name="test_access_key_los_datos_no_estan_storeRequest_4" time="0.003" timestamp="2021-04-18T13:19:09"/>
	<testcase classname="test_get_access_key_tests.TestAccessManager" name="test_access_key_no_datos_9" time="0.003" timestamp="2021-04-18T13:19:09"/>
	<testcase classname="test_get_access_key_tests.TestAccessManager" name="test_access_key_ok_con_1_email_2" time="0.005" timestamp="2021-04-18T13:19:09"/>
	<testcase classname="test_get_access_key_tests.TestAccessManager" name="test_access_key_ok_con_2_emails_1" time="0.014" timestamp="2021-04-18T13:19:09"/>
	<testcase classname="test_get_access_key_tests.TestAccessManager" name="test_access_key_otro_formato_fichero_3" time="0.002" timestamp="2021-04-18T13:19:09"/>
	<testcase classname="test_get_access_key_tests.TestAccessManager" name="test_access_key_separador_1_repetido_13" time="0.003" timestamp="2021-04-18T13:19:09"/>
	<testcase classname="test_get_access_key_tests.TestAccessManager" name="test_access_key_separador_2_repetido_18" time="0.002" timestamp="2021-04-18T13:19:09"/>
	<testcase classname="test_get_access_key_tests.TestAccessManager" name="test_access_key_sin_AccessCode_30" time="0.003" timestamp="2021-04-18T13:19:09"/>
	<testcase classname="test_get_access_key_tests.TestAccessManager" name="test_access_key_sin_DNI_44" time="0.003" timestamp="2021-04-18T13:19:09"/>
	<testcase classname="test_get_access_key_tests.TestAccessManager" name="test_access_key_sin_NotificationMail_62" time="0.003" timestamp="2021-04-18T13:19:09"/>
	<testcase classname="test_get_access_key_tests.TestAccessManager" name="test_access_key_sin_bracket_de_comienzo_6" time="0.003" timestamp="2021-04-18T13:19:09"/>
	<testcase classname="test_get_access_key_tests.TestAccessManager" name="test_access_key_sin_bracket_de_final_7" time="0.002" timestamp="2021-04-18T13:19:09"/>
	<testcase classname="test_get_access_key_tests.TestAccessManager" name="test_access_key_sin_campo_1_12" time="0.002" timestamp="2021-04-18T13:19:09"/>
	<testcase classname="test_get_access_key_tests.TestAccessManager" name="test_access_key_sin_campo_2_16" time="0.002" timestamp="2021-04-18T13:19:09"/>
	<testcase classname="test_get_access_key_tests.TestAccessManager" name="test_access_key_sin_campo_3_19" time="0.003" timestamp="2021-04-18T13:19:09"/>
	<testcase classname="test_get_access_key_tests.TestAccessManager" name="test_access_key_sin_comillas_VD1_31" time="0.003" timestamp="2021-04-18T13:19:09"/>
	<testcase classname="test_get_access_key_tests.TestAccessManager" name="test_access_key_sin_comillas_dato3_65" time="0.002" timestamp="2021-04-18T13:19:09"/>
	<testcase classname="test_get_access_key_tests.TestAccessManager" name="test_access_key_sin_comillas_e1_27" time="0.002" timestamp="2021-04-18T13:19:09"/>
	<testcase classname="test_get_access_key_tests.TestAccessManager" name="test_access_key_sin_comillas_e2_41" time="0.003" timestamp="2021-04-18T13:19:09"/>
	<testcase classname="test_get_access_key_tests.TestAccessManager" name="test_access_key_sin_comillas_e3_59" time="0.003" timestamp="2021-04-18T13:19:09"/>
	<testcase classname="test_get_access_key_tests.TestAccessManager" name="test_access_key_sin_comillas_vd2_45" time="0.002" timestamp="2021-04-18T13:19:09"/>
	<testcase classname="test_get_access_key_tests.TestAccessManager" name="test_access_key_sin_corchs_dato3_63" time="0.003" timestamp="2021-04-18T13:19:09"/>
	<testcase classname="test_get_access_key_tests.TestAccessManager" name="test_access_key_sin_dato_DNI_48" time="0.002" timestamp="2021-04-18T13:19:09"/>
	<testcase classname="test_get_access_key_tests.TestAccessManager" name="test_access_key_sin_doble_valor_dato_2_40" time="0.003" timestamp="2021-04-18T13:19:09"/>
	<testcase classname="test_get_access_key_tests.TestAccessManager" name="test_access_key_sin_e1_22" time="0.003" timestamp="2021-04-18T13:19:09"/>
	<testcase classname="test_get_access_key_tests.TestAccessManager" name="test_access_key_sin_etiqueta_2_35" time="0.002" timestamp="2021-04-18T13:19:09"/>
	<testcase classname="test_get_access_key_tests.TestAccessManager" name="test_access_key_sin_etiqueta_3_53" time="0.002" timestamp="2021-04-18T13:19:09"/>
	<testcase classname="test_get_access_key_tests.TestAccessManager" name="test_access_key_sin_igualador_2_37" time="0.002" timestamp="2021-04-18T13:19:09"/>
	<testcase classname="test_get_access_key_tests.TestAccessManager" name="test_access_key_sin_igualador_3_55" time="0.002" timestamp="2021-04-18T13:19:09"/>
	<testcase classname="test_get_access_key_tests.TestAccessManager" name="test_access_key_sin_igualdad1_23" time="0.002" timestamp="2021-04-18T13:19:09"/>
	<testcase classname="test_get_access_key_tests.TestAccessManager" name="test_access_key_sin_letra_dni_49" time="0.003" timestamp="2021-04-18T13:19:09"/>
	<testcase classname="test_get_access_key_tests.TestAccessManager" name="test_access_key_sin_numeros_dni_52" time="0.003" timestamp="2021-04-18T13:19:09"/>
	<testcase classname="test_get_access_key_tests.TestAccessManager" name="test_access_key_sin_separador_1_14" time="0.003" timestamp="2021-04-18T13:19:09"/>
	<testcase classname="test_get_access_key_tests.TestAccessManager" name="test_access_key_sin_separador_2_17" time="0.002" timestamp="2021-04-18T13:19:09"/>
	<testcase classname="test_get_access_key_tests.TestAccessManager" name="test_access_key_sin_v1_34" time="0.003" timestamp="2021-04-18T13:19:09"/>
	<testcase classname="test_get_access_key_tests.TestAccessManager" name="test_access_key_sin_v3_66" time="0.003" timestamp="2021-04-18T13:19:09"/>
	<testcase classname="test_get_access_key_tests.TestAccessManager" name="test_access_key_sin_valor_dato1_26" time="0.003" timestamp="2021-04-18T13:19:09"/>
	<testcase classname="test_get_access_key_tests.TestAccessManager" name="test_access_key_sin_valor_dato_2_39" time="0.002" timestamp="2021-04-18T13:19:09"/>
	<testcase classname="test_get_access_key_tests.TestAccessManager" name="test_access_key_sin_vd3_58" time="0.002" timestamp="2021-04-18T13:19:09"/>
</testsuite>
